GAS LISTING C:\Users\mauro\AppData\Local\Temp/ccWSOkED.s 			page 1


   1               		.file	"menu.c"
   2               		.arch atmega2561
   3               	__SREG__ = 0x3f
   4               	__SP_H__ = 0x3e
   5               	__SP_L__ = 0x3d
   6               	__tmp_reg__ = 0
   7               	__zero_reg__ = 1
   8               		.global __do_copy_data
   9               		.global __do_clear_bss
  10               	/* File "source/menu.c": code    0 = 0x0000 (   0), prologues   0, epilogues   0 */
GAS LISTING C:\Users\mauro\AppData\Local\Temp/ccWSOkED.s 			page 2


DEFINED SYMBOLS
                            *ABS*:00000000 menu.c
C:\Users\mauro\AppData\Local\Temp/ccWSOkED.s:3      *ABS*:0000003f __SREG__
C:\Users\mauro\AppData\Local\Temp/ccWSOkED.s:4      *ABS*:0000003e __SP_H__
C:\Users\mauro\AppData\Local\Temp/ccWSOkED.s:5      *ABS*:0000003d __SP_L__
C:\Users\mauro\AppData\Local\Temp/ccWSOkED.s:6      *ABS*:00000000 __tmp_reg__
C:\Users\mauro\AppData\Local\Temp/ccWSOkED.s:7      *ABS*:00000001 __zero_reg__

UNDEFINED SYMBOLS
__do_copy_data
__do_clear_bss
